c:\users\yangy\source\repos\bankmanagementsystem\bankmanagementsystem\debug\vc142.pdb
c:\users\yangy\source\repos\bankmanagementsystem\bankmanagementsystem\debug\vc142.idb
c:\users\yangy\source\repos\bankmanagementsystem\bankmanagementsystem\debug\savingsaccount.obj
c:\users\yangy\source\repos\bankmanagementsystem\bankmanagementsystem\debug\date.obj
c:\users\yangy\source\repos\bankmanagementsystem\bankmanagementsystem\debug\creditaccount.obj
c:\users\yangy\source\repos\bankmanagementsystem\bankmanagementsystem\debug\bankmanagementsystem.obj
c:\users\yangy\source\repos\bankmanagementsystem\bankmanagementsystem\debug\accumulator.obj
c:\users\yangy\source\repos\bankmanagementsystem\bankmanagementsystem\debug\account.obj
c:\users\yangy\source\repos\bankmanagementsystem\bankmanagementsystem\debug\controller.obj
c:\users\yangy\source\repos\bankmanagementsystem\debug\bankmanagementsystem.pdb
c:\users\yangy\source\repos\bankmanagementsystem\bankmanagementsystem\debug\bankmana.f953bcfe.tlog\cl.command.1.tlog
c:\users\yangy\source\repos\bankmanagementsystem\bankmanagementsystem\debug\bankmana.f953bcfe.tlog\cl.read.1.tlog
c:\users\yangy\source\repos\bankmanagementsystem\bankmanagementsystem\debug\bankmana.f953bcfe.tlog\cl.write.1.tlog
c:\users\yangy\source\repos\bankmanagementsystem\bankmanagementsystem\debug\bankmana.f953bcfe.tlog\link-cvtres.read.1.tlog
c:\users\yangy\source\repos\bankmanagementsystem\bankmanagementsystem\debug\bankmana.f953bcfe.tlog\link-cvtres.write.1.tlog
c:\users\yangy\source\repos\bankmanagementsystem\bankmanagementsystem\debug\bankmana.f953bcfe.tlog\link-rc.read.1.tlog
c:\users\yangy\source\repos\bankmanagementsystem\bankmanagementsystem\debug\bankmana.f953bcfe.tlog\link-rc.write.1.tlog
c:\users\yangy\source\repos\bankmanagementsystem\bankmanagementsystem\debug\bankmana.f953bcfe.tlog\link.3840-cvtres.read.1.tlog
c:\users\yangy\source\repos\bankmanagementsystem\bankmanagementsystem\debug\bankmana.f953bcfe.tlog\link.3840-cvtres.write.1.tlog
c:\users\yangy\source\repos\bankmanagementsystem\bankmanagementsystem\debug\bankmana.f953bcfe.tlog\link.3840-rc.read.1.tlog
c:\users\yangy\source\repos\bankmanagementsystem\bankmanagementsystem\debug\bankmana.f953bcfe.tlog\link.3840-rc.write.1.tlog
c:\users\yangy\source\repos\bankmanagementsystem\bankmanagementsystem\debug\bankmana.f953bcfe.tlog\link.3840.read.1.tlog
c:\users\yangy\source\repos\bankmanagementsystem\bankmanagementsystem\debug\bankmana.f953bcfe.tlog\link.3840.write.1.tlog
c:\users\yangy\source\repos\bankmanagementsystem\bankmanagementsystem\debug\bankmana.f953bcfe.tlog\link.command.1.tlog
c:\users\yangy\source\repos\bankmanagementsystem\bankmanagementsystem\debug\bankmana.f953bcfe.tlog\link.read.1.tlog
c:\users\yangy\source\repos\bankmanagementsystem\bankmanagementsystem\debug\bankmana.f953bcfe.tlog\link.write.1.tlog
